  bala.c
C:\Users\fadel\Documents\Facultad\Alg. y Prog. I\Gravitar\Tuneado\Gravitar-clone\polilinea.h(7,10): fatal error C1083: No se puede abrir el archivo incluir: 'SDL.h': No such file or directory
  base.c
C:\Users\fadel\Documents\Facultad\Alg. y Prog. I\Gravitar\Tuneado\Gravitar-clone\polilinea.h(7,10): fatal error C1083: No se puede abrir el archivo incluir: 'SDL.h': No such file or directory
  particula.c
C:\Users\fadel\Documents\Facultad\Alg. y Prog. I\Gravitar\Tuneado\Gravitar-clone\particula.c(1,10): fatal error C1083: No se puede abrir el archivo incluir: 'SDL.h': No such file or directory
  sprites.c
C:\Users\fadel\Documents\Facultad\Alg. y Prog. I\Gravitar\Tuneado\Gravitar-clone\polilinea.h(7,10): fatal error C1083: No se puede abrir el archivo incluir: 'SDL.h': No such file or directory
  combustible.c
C:\Users\fadel\Documents\Facultad\Alg. y Prog. I\Gravitar\Tuneado\Gravitar-clone\polilinea.h(7,10): fatal error C1083: No se puede abrir el archivo incluir: 'SDL.h': No such file or directory
  escritura.c
C:\Users\fadel\Documents\Facultad\Alg. y Prog. I\Gravitar\Tuneado\Gravitar-clone\escritura.h(6,10): fatal error C1083: No se puede abrir el archivo incluir: 'SDL.h': No such file or directory
  estrella.c
C:\Users\fadel\Documents\Facultad\Alg. y Prog. I\Gravitar\Tuneado\Gravitar-clone\polilinea.h(7,10): fatal error C1083: No se puede abrir el archivo incluir: 'SDL.h': No such file or directory
  figuras.c
C:\Users\fadel\Documents\Facultad\Alg. y Prog. I\Gravitar\Tuneado\Gravitar-clone\polilinea.h(7,10): fatal error C1083: No se puede abrir el archivo incluir: 'SDL.h': No such file or directory
  main.c
C:\Users\fadel\Documents\Facultad\Alg. y Prog. I\Gravitar\Tuneado\Gravitar-clone\main.c(1,10): fatal error C1083: No se puede abrir el archivo incluir: 'SDL.h': No such file or directory
  nave.c
C:\Users\fadel\Documents\Facultad\Alg. y Prog. I\Gravitar\Tuneado\Gravitar-clone\polilinea.h(7,10): fatal error C1083: No se puede abrir el archivo incluir: 'SDL.h': No such file or directory
  nivel.c
C:\Users\fadel\Documents\Facultad\Alg. y Prog. I\Gravitar\Tuneado\Gravitar-clone\polilinea.h(7,10): fatal error C1083: No se puede abrir el archivo incluir: 'SDL.h': No such file or directory
  planeta.c
C:\Users\fadel\Documents\Facultad\Alg. y Prog. I\Gravitar\Tuneado\Gravitar-clone\polilinea.h(7,10): fatal error C1083: No se puede abrir el archivo incluir: 'SDL.h': No such file or directory
  polilinea.c
C:\Users\fadel\Documents\Facultad\Alg. y Prog. I\Gravitar\Tuneado\Gravitar-clone\polilinea.h(7,10): fatal error C1083: No se puede abrir el archivo incluir: 'SDL.h': No such file or directory
  reactor.c
C:\Users\fadel\Documents\Facultad\Alg. y Prog. I\Gravitar\Tuneado\Gravitar-clone\polilinea.h(7,10): fatal error C1083: No se puede abrir el archivo incluir: 'SDL.h': No such file or directory
  torreta.c
C:\Users\fadel\Documents\Facultad\Alg. y Prog. I\Gravitar\Tuneado\Gravitar-clone\polilinea.h(7,10): fatal error C1083: No se puede abrir el archivo incluir: 'SDL.h': No such file or directory
